<?xml version="1.0" encoding="UTF-8"?>
<testng-results skipped="0" failed="0" ignored="0" total="1" passed="1">
  <reporter-output>
  </reporter-output>
  <suite name="Surefire suite" duration-ms="408" started-at="2020-07-07T16:24:04Z" finished-at="2020-07-07T16:24:04Z">
    <groups>
    </groups>
    <test name="Surefire test" duration-ms="408" started-at="2020-07-07T16:24:04Z" finished-at="2020-07-07T16:24:04Z">
      <class name="BDD.API_Framework.AppTest">
        <test-method status="PASS" signature="testApp()" name="testApp" duration-ms="91" started-at="2020-07-07T16:24:04Z" finished-at="2020-07-07T16:24:04Z">
          <reporter-output>
          </reporter-output>
        </test-method> <!-- testApp -->
      </class> <!-- BDD.API_Framework.AppTest -->
    </test> <!-- Surefire test -->
  </suite> <!-- Surefire suite -->
</testng-results>
