<?xml version="1.0" encoding="UTF-8"?>
<testsuite xmlns:xsi="http://www.w3.org/2001/XMLSchema-instance" xsi:noNamespaceSchemaLocation="https://maven.apache.org/surefire/maven-surefire-plugin/xsd/surefire-test-report-3.0.xsd" version="3.0" name="TestSuite" time="25.472" tests="4" errors="0" skipped="0" failures="0">
  <properties>
[...]
</properties>
  <testcase name="runScenario" classname="cucumber.Options.TestRunner" time="18.963"/>
  <testcase name="runScenario" classname="cucumber.Options.TestRunner" time="1.441"/>
  <testcase name="runScenario" classname="cucumber.Options.TestRunner" time="1.366"/>
  <testcase name="testApp on testApp(BDD.API_Framework.AppTest)" classname="BDD.API_Framework.AppTest" time="0.001"/>
</testsuite>